SF:/Users/jeff/projects/micron/src/Micron.SqlClient/MicronException.cs
FN:5,System.Void Micron.SqlClient.MicronException::.ctor()
FNDA:0,System.Void Micron.SqlClient.MicronException::.ctor()
DA:6,0
FN:6,System.Void Micron.SqlClient.MicronException::.ctor(System.String)
FNDA:0,System.Void Micron.SqlClient.MicronException::.ctor(System.String)
DA:7,0
FN:7,System.Void Micron.SqlClient.MicronException::.ctor(System.String,System.Exception)
FNDA:0,System.Void Micron.SqlClient.MicronException::.ctor(System.String,System.Exception)
DA:8,0
FN:10,System.Void Micron.SqlClient.MicronException::.ctor(System.Runtime.Serialization.SerializationInfo,System.Runtime.Serialization.StreamingContext)
FNDA:0,System.Void Micron.SqlClient.MicronException::.ctor(System.Runtime.Serialization.SerializationInfo,System.Runtime.Serialization.StreamingContext)
DA:11,0
LF:4
LH:0
BRF:0
BRH:0
FNF:4
FNH:0
end_of_record
SF:/Users/jeff/projects/micron/src/Micron.SqlClient/Retry/BackoffInterval.cs
FN:58,Micron.SqlClient.BackoffInterval Micron.SqlClient.BackoffInterval::op_Implicit(System.TimeSpan)
FNDA:0,Micron.SqlClient.BackoffInterval Micron.SqlClient.BackoffInterval::op_Implicit(System.TimeSpan)
DA:59,0
FN:61,Micron.SqlClient.BackoffInterval Micron.SqlClient.BackoffInterval::op_Implicit(System.Int32)
FNDA:0,Micron.SqlClient.BackoffInterval Micron.SqlClient.BackoffInterval::op_Implicit(System.Int32)
DA:62,0
FN:64,Micron.SqlClient.BackoffInterval Micron.SqlClient.BackoffInterval::op_Implicit(Micron.SqlClient.IntervalCalculation)
FNDA:0,Micron.SqlClient.BackoffInterval Micron.SqlClient.BackoffInterval::op_Implicit(Micron.SqlClient.IntervalCalculation)
DA:65,0
FN:15,System.Void Micron.SqlClient.BackoffInterval::.ctor(System.TimeSpan)
FNDA:0,System.Void Micron.SqlClient.BackoffInterval::.ctor(System.TimeSpan)
DA:16,0
FN:17,System.Void Micron.SqlClient.BackoffInterval::.ctor(System.Int32)
FNDA:0,System.Void Micron.SqlClient.BackoffInterval::.ctor(System.Int32)
DA:18,0
FN:20,System.Void Micron.SqlClient.BackoffInterval::.ctor(Micron.SqlClient.IntervalCalculation)
FNDA:0,System.Void Micron.SqlClient.BackoffInterval::.ctor(Micron.SqlClient.IntervalCalculation)
DA:21,0
DA:22,0
DA:23,0
DA:24,0
DA:25,0
DA:26,0
DA:27,0
DA:28,0
DA:29,0
DA:31,0
DA:32,0
DA:33,0
DA:34,0
DA:35,0
DA:37,0
DA:39,0
DA:40,0
BRDA:22,172,1,0
BRDA:25,26,0,0
BRDA:25,26,1,0
BRDA:31,96,0,0
BRDA:31,96,1,0
BRDA:22,172,0,0
FN:46,System.Void Micron.SqlClient.BackoffInterval/<Backoff>d__6::MoveNext()
FNDA:0,System.Void Micron.SqlClient.BackoffInterval/<Backoff>d__6::MoveNext()
DA:47,0
DA:48,0
DA:49,0
DA:50,0
DA:51,0
DA:54,0
DA:55,0
DA:56,0
BRDA:48,29,0,0
BRDA:48,29,1,0
LF:30
LH:0
BRF:8
BRH:0
FNF:7
FNH:0
end_of_record
SF:/Users/jeff/projects/micron/src/Micron.SqlClient/Retry/RetryHandler.cs
FN:12,System.Void Micron.SqlClient.RetryHandler::.ctor(System.Func`2<System.Exception,System.Boolean>[])
FNDA:0,System.Void Micron.SqlClient.RetryHandler::.ctor(System.Func`2<System.Exception,System.Boolean>[])
DA:13,0
DA:14,0
DA:15,0
DA:16,0
DA:17,0
DA:18,0
FN:19,System.Void Micron.SqlClient.RetryHandler::.ctor(Micron.SqlClient.RetryTimes,Micron.SqlClient.BackoffInterval,System.Func`2<System.Exception,System.Boolean>[])
FNDA:0,System.Void Micron.SqlClient.RetryHandler::.ctor(Micron.SqlClient.RetryTimes,Micron.SqlClient.BackoffInterval,System.Func`2<System.Exception,System.Boolean>[])
DA:20,0
DA:21,0
DA:22,0
DA:23,0
DA:24,0
DA:25,0
DA:26,0
FN:43,System.Boolean Micron.SqlClient.RetryHandler/<>c__DisplayClass5_0::<Execute>b__0(System.Func`2<System.Exception,System.Boolean>)
FNDA:0,System.Boolean Micron.SqlClient.RetryHandler/<>c__DisplayClass5_0::<Execute>b__0(System.Func`2<System.Exception,System.Boolean>)
DA:44,0
BRDA:44,342,0,0
BRDA:44,342,1,0
BRDA:44,390,0,0
BRDA:44,390,1,0
LF:14
LH:0
BRF:4
BRH:0
FNF:3
FNH:0
end_of_record
SF:/Users/jeff/projects/micron/src/Micron.SqlClient/Retry/RetryTimes.cs
FN:19,System.Int32 Micron.SqlClient.RetryTimes::get_RetryCount()
FNDA:0,System.Int32 Micron.SqlClient.RetryTimes::get_RetryCount()
DA:20,0
FN:22,System.Boolean Micron.SqlClient.RetryTimes::Equals(System.Object)
FNDA:0,System.Boolean Micron.SqlClient.RetryTimes::Equals(System.Object)
DA:23,0
DA:24,0
BRDA:23,6,0,0
BRDA:23,6,1,0
FN:26,System.Int32 Micron.SqlClient.RetryTimes::GetHashCode()
FNDA:0,System.Int32 Micron.SqlClient.RetryTimes::GetHashCode()
DA:27,0
FN:28,Micron.SqlClient.RetryTimes Micron.SqlClient.RetryTimes::op_Implicit(System.Int32)
FNDA:0,Micron.SqlClient.RetryTimes Micron.SqlClient.RetryTimes::op_Implicit(System.Int32)
DA:29,0
FN:9,System.Void Micron.SqlClient.RetryTimes::.ctor(System.Int32)
FNDA:0,System.Void Micron.SqlClient.RetryTimes::.ctor(System.Int32)
DA:10,0
DA:11,0
DA:12,0
DA:13,0
DA:14,0
DA:17,0
DA:18,0
BRDA:11,3,0,0
BRDA:11,3,1,0
BRDA:11,14,0,0
BRDA:11,14,1,0
LF:12
LH:0
BRF:6
BRH:0
FNF:5
FNH:0
end_of_record
SF:/Users/jeff/projects/micron/src/Micron.SqlClient/SqlGateway.cs
FN:100,System.Data.Common.DbCommand Micron.SqlClient.SqlGateway::BuildCommand(System.String,System.Object[],System.Data.Common.DbConnection,System.Data.Common.DbTransaction)
FNDA:0,System.Data.Common.DbCommand Micron.SqlClient.SqlGateway::BuildCommand(System.String,System.Object[],System.Data.Common.DbConnection,System.Data.Common.DbTransaction)
DA:101,0
DA:102,0
DA:103,0
DA:105,0
DA:106,0
DA:107,0
DA:108,0
DA:110,0
DA:111,0
DA:112,0
DA:113,0
DA:114,0
DA:115,0
DA:116,0
DA:117,0
BRDA:105,22,0,0
BRDA:105,22,1,0
BRDA:110,88,1,0
BRDA:110,88,0,0
FN:49,TValue Micron.SqlClient.SqlGateway::<Scalar>g__convert|4_0(System.Object)
FNDA:0,TValue Micron.SqlClient.SqlGateway::<Scalar>g__convert|4_0(System.Object)
DA:50,0
DA:52,0
DA:53,0
DA:55,0
DA:56,0
DA:57,0
DA:59,0
FN:14,System.Void Micron.SqlClient.SqlGateway::.ctor(System.Action`1<Micron.SqlClient.ISqlGatewayConfigurationRootExpression>)
FNDA:0,System.Void Micron.SqlClient.SqlGateway::.ctor(System.Action`1<Micron.SqlClient.ISqlGatewayConfigurationRootExpression>)
DA:15,0
DA:16,0
DA:17,0
DA:18,0
DA:19,0
FN:131,Micron.SqlClient.ISqlGatewayConfigurationExceptionConditionExpression Micron.SqlClient.SqlGateway/CommandConfigurationBuilder::Connection(System.Func`1<System.Threading.Tasks.Task`1<TConnection>>)
FNDA:0,Micron.SqlClient.ISqlGatewayConfigurationExceptionConditionExpression Micron.SqlClient.SqlGateway/CommandConfigurationBuilder::Connection(System.Func`1<System.Threading.Tasks.Task`1<TConnection>>)
DA:132,0
DA:133,0
DA:134,0
DA:135,0
FN:138,Micron.SqlClient.ISqlGatewayConfigurationRetryExpression Micron.SqlClient.SqlGateway/CommandConfigurationBuilder::OnException(System.Func`2<TException,System.Boolean>)
FNDA:0,Micron.SqlClient.ISqlGatewayConfigurationRetryExpression Micron.SqlClient.SqlGateway/CommandConfigurationBuilder::OnException(System.Func`2<TException,System.Boolean>)
DA:139,0
DA:140,0
DA:141,0
DA:142,0
FN:144,System.Void Micron.SqlClient.SqlGateway/CommandConfigurationBuilder::Retry(Micron.SqlClient.RetryTimes,Micron.SqlClient.BackoffInterval)
FNDA:0,System.Void Micron.SqlClient.SqlGateway/CommandConfigurationBuilder::Retry(Micron.SqlClient.RetryTimes,Micron.SqlClient.BackoffInterval)
DA:145,0
FN:148,System.Void Micron.SqlClient.SqlGateway/CommandConfigurationBuilder::Retry(Micron.SqlClient.RetryTimes,System.Action`1<Micron.SqlClient.Retry.IBackoffIntervalExpression>)
FNDA:0,System.Void Micron.SqlClient.SqlGateway/CommandConfigurationBuilder::Retry(Micron.SqlClient.RetryTimes,System.Action`1<Micron.SqlClient.Retry.IBackoffIntervalExpression>)
DA:149,0
FN:126,System.Void Micron.SqlClient.SqlGateway/CommandConfigurationBuilder::.ctor(Micron.SqlClient.SqlGateway)
FNDA:0,System.Void Micron.SqlClient.SqlGateway/CommandConfigurationBuilder::.ctor(Micron.SqlClient.SqlGateway)
DA:127,0
DA:128,0
FN:41,System.Threading.Tasks.Task Micron.SqlClient.SqlGateway/<>c__DisplayClass3_0::<Execute>b__1()
FNDA:0,System.Threading.Tasks.Task Micron.SqlClient.SqlGateway/<>c__DisplayClass3_0::<Execute>b__1()
DA:42,0
FN:25,System.Void Micron.SqlClient.SqlGateway/<>c__DisplayClass3_0/<<Execute>g__exec|0>d::MoveNext()
FNDA:0,System.Void Micron.SqlClient.SqlGateway/<>c__DisplayClass3_0/<<Execute>g__exec|0>d::MoveNext()
DA:26,0
DA:27,0
DA:28,0
DA:29,0
DA:30,0
DA:31,0
DA:32,0
DA:33,0
DA:34,0
DA:35,0
DA:37,0
DA:38,0
DA:39,0
DA:40,0
BRDA:26,16,0,0
BRDA:26,16,1,0
BRDA:27,174,0,0
BRDA:28,228,0,0
BRDA:28,228,1,0
BRDA:27,174,1,0
BRDA:28,333,0,0
BRDA:29,726,1,0
BRDA:28,333,1,0
BRDA:33,610,0,0
BRDA:33,610,1,0
BRDA:29,726,0,0
BRDA:28,333,2,0
BRDA:28,333,3,0
FN:21,System.Void Micron.SqlClient.SqlGateway/<Execute>d__3::MoveNext()
FNDA:0,System.Void Micron.SqlClient.SqlGateway/<Execute>d__3::MoveNext()
DA:22,0
DA:43,0
FN:69,System.Threading.Tasks.Task Micron.SqlClient.SqlGateway/<>c__DisplayClass4_0`1::<Scalar>b__2()
FNDA:0,System.Threading.Tasks.Task Micron.SqlClient.SqlGateway/<>c__DisplayClass4_0`1::<Scalar>b__2()
DA:70,0
FN:61,System.Void Micron.SqlClient.SqlGateway/<>c__DisplayClass4_0`1/<<Scalar>g__exec|1>d::MoveNext()
FNDA:0,System.Void Micron.SqlClient.SqlGateway/<>c__DisplayClass4_0`1/<<Scalar>g__exec|1>d::MoveNext()
DA:62,0
DA:63,0
DA:64,0
DA:65,0
DA:66,0
DA:67,0
DA:68,0
BRDA:62,16,0,0
BRDA:62,16,1,0
BRDA:63,168,0,0
BRDA:63,168,1,0
FN:45,System.Void Micron.SqlClient.SqlGateway/<Scalar>d__4`1::MoveNext()
FNDA:0,System.Void Micron.SqlClient.SqlGateway/<Scalar>d__4`1::MoveNext()
DA:46,0
DA:47,0
DA:72,0
DA:73,0
FN:75,System.Void Micron.SqlClient.SqlGateway/<Query>d__5`1::MoveNext()
FNDA:0,System.Void Micron.SqlClient.SqlGateway/<Query>d__5`1::MoveNext()
DA:76,0
DA:91,0
DA:92,0
DA:93,0
DA:94,0
DA:95,0
DA:96,0
DA:98,0
BRDA:76,11,0,0
BRDA:76,11,2,0
BRDA:76,11,3,0
BRDA:76,11,4,0
BRDA:76,57,0,0
BRDA:76,57,1,0
BRDA:76,11,1,0
BRDA:76,11,5,0
BRDA:92,343,1,0
BRDA:94,186,0,0
BRDA:94,186,1,0
BRDA:95,328,0,0
BRDA:95,328,1,0
BRDA:92,343,0,0
BRDA:92,377,0,0
BRDA:92,408,0,0
BRDA:76,11,6,0
BRDA:92,408,1,0
BRDA:92,377,1,0
BRDA:92,498,0,0
BRDA:92,511,0,0
BRDA:92,511,1,0
BRDA:92,498,1,0
BRDA:92,540,1,0
BRDA:92,540,0,0
BRDA:92,552,0,0
BRDA:92,552,1,0
FN:79,System.Void Micron.SqlClient.SqlGateway/<<Query>g__exec|5_0>d`2::MoveNext()
FNDA:0,System.Void Micron.SqlClient.SqlGateway/<<Query>g__exec|5_0>d`2::MoveNext()
DA:80,0
DA:81,0
DA:82,0
DA:83,0
DA:84,0
DA:85,0
DA:86,0
DA:87,0
DA:88,0
DA:89,0
BRDA:80,11,0,0
BRDA:80,11,2,0
BRDA:80,11,3,0
BRDA:80,11,4,0
BRDA:80,69,0,0
BRDA:80,69,1,0
BRDA:80,11,5,0
BRDA:80,11,1,0
BRDA:80,11,6,0
BRDA:80,11,7,0
BRDA:80,11,8,0
BRDA:80,11,9,0
BRDA:81,228,0,0
BRDA:81,228,1,0
BRDA:82,279,0,0
BRDA:82,279,2,0
BRDA:82,279,3,0
BRDA:82,279,4,0
BRDA:82,279,5,0
BRDA:82,279,6,0
BRDA:82,279,1,0
BRDA:82,279,7,0
BRDA:82,279,8,0
BRDA:82,279,9,0
BRDA:84,805,1,0
BRDA:83,462,1,0
BRDA:86,666,1,0
BRDA:83,462,0,0
BRDA:83,462,2,0
BRDA:84,805,0,0
BRDA:83,462,3,0
BRDA:86,666,0,0
BRDA:88,952,0,0
BRDA:88,952,1,0
BRDA:88,989,0,0
BRDA:88,989,1,0
BRDA:88,1026,0,0
BRDA:88,1026,1,0
LF:86
LH:0
BRF:87
BRH:0
FNF:16
FNH:0
end_of_record
SF:/Users/jeff/projects/micron/src/Micron.SqlClient/Retry/ExceptionRetryConfiguration.cs
FN:7,Micron.SqlClient.Retry.IExceptionRetryExpression Micron.SqlClient.Retry.ConfigureRetries::OnException(System.Func`2<System.Exception,System.Boolean>)
FNDA:0,Micron.SqlClient.Retry.IExceptionRetryExpression Micron.SqlClient.Retry.ConfigureRetries::OnException(System.Func`2<System.Exception,System.Boolean>)
DA:8,0
FN:10,Micron.SqlClient.Retry.IExceptionRetryExpression Micron.SqlClient.Retry.ConfigureRetries::OnException(System.Func`2<TException,System.Boolean>)
FNDA:0,Micron.SqlClient.Retry.IExceptionRetryExpression Micron.SqlClient.Retry.ConfigureRetries::OnException(System.Func`2<TException,System.Boolean>)
DA:11,0
FN:23,Micron.SqlClient.Retry.IExceptionRetryExpression Micron.SqlClient.Retry.ConfigureRetries/ExceptionRetryConfigurer::OnException(System.Func`2<System.Exception,System.Boolean>)
FNDA:0,Micron.SqlClient.Retry.IExceptionRetryExpression Micron.SqlClient.Retry.ConfigureRetries/ExceptionRetryConfigurer::OnException(System.Func`2<System.Exception,System.Boolean>)
DA:24,0
FN:27,Micron.SqlClient.Retry.IExceptionRetryExpression Micron.SqlClient.Retry.ConfigureRetries/ExceptionRetryConfigurer::OnException(System.Func`2<TException,System.Boolean>)
FNDA:0,Micron.SqlClient.Retry.IExceptionRetryExpression Micron.SqlClient.Retry.ConfigureRetries/ExceptionRetryConfigurer::OnException(System.Func`2<TException,System.Boolean>)
DA:28,0
DA:31,0
DA:32,0
DA:33,0
DA:34,0
DA:36,0
DA:37,0
DA:38,0
DA:40,0
DA:41,0
DA:42,0
BRDA:31,25,0,0
BRDA:33,34,0,0
BRDA:33,34,1,0
BRDA:31,25,1,0
FN:44,Micron.SqlClient.IRetryHandler Micron.SqlClient.Retry.ConfigureRetries/ExceptionRetryConfigurer::Retry(Micron.SqlClient.RetryTimes,Micron.SqlClient.BackoffInterval)
FNDA:0,Micron.SqlClient.IRetryHandler Micron.SqlClient.Retry.ConfigureRetries/ExceptionRetryConfigurer::Retry(Micron.SqlClient.RetryTimes,Micron.SqlClient.BackoffInterval)
DA:45,0
DA:46,0
DA:47,0
DA:48,0
DA:49,0
DA:50,0
DA:51,0
FN:53,Micron.SqlClient.IRetryHandler Micron.SqlClient.Retry.ConfigureRetries/ExceptionRetryConfigurer::Retry(Micron.SqlClient.RetryTimes,System.Action`1<Micron.SqlClient.Retry.IBackoffIntervalExpression>)
FNDA:0,Micron.SqlClient.IRetryHandler Micron.SqlClient.Retry.ConfigureRetries/ExceptionRetryConfigurer::Retry(Micron.SqlClient.RetryTimes,System.Action`1<Micron.SqlClient.Retry.IBackoffIntervalExpression>)
DA:54,0
DA:55,0
DA:56,0
DA:57,0
DA:58,0
DA:59,0
DA:60,0
FN:62,System.Void Micron.SqlClient.Retry.ConfigureRetries/ExceptionRetryConfigurer::Interval(Micron.SqlClient.IntervalCalculation)
FNDA:0,System.Void Micron.SqlClient.Retry.ConfigureRetries/ExceptionRetryConfigurer::Interval(Micron.SqlClient.IntervalCalculation)
DA:63,0
FN:19,System.Void Micron.SqlClient.Retry.ConfigureRetries/ExceptionRetryConfigurer::.ctor()
FNDA:0,System.Void Micron.SqlClient.Retry.ConfigureRetries/ExceptionRetryConfigurer::.ctor()
DA:20,0
DA:21,0
FN:67,System.Func`2<System.Exception,System.Boolean> Micron.SqlClient.Retry.ConfigureRetries/ExceptionRetryConfiguration::get_Condition()
FNDA:0,System.Func`2<System.Exception,System.Boolean> Micron.SqlClient.Retry.ConfigureRetries/ExceptionRetryConfiguration::get_Condition()
DA:68,0
FN:69,Micron.SqlClient.RetryTimes Micron.SqlClient.Retry.ConfigureRetries/ExceptionRetryConfiguration::get_RetryTimes()
FNDA:0,Micron.SqlClient.RetryTimes Micron.SqlClient.Retry.ConfigureRetries/ExceptionRetryConfiguration::get_RetryTimes()
DA:70,0
FN:71,Micron.SqlClient.BackoffInterval Micron.SqlClient.Retry.ConfigureRetries/ExceptionRetryConfiguration::get_BackoffInterval()
FNDA:0,Micron.SqlClient.BackoffInterval Micron.SqlClient.Retry.ConfigureRetries/ExceptionRetryConfiguration::get_BackoffInterval()
DA:72,0
LF:34
LH:0
BRF:4
BRH:0
FNF:11
FNH:0
end_of_record