SF:/Users/jeff/projects/micron/src/Micron.SqlClient/MicronException.cs
FN:5,System.Void Micron.SqlClient.MicronException::.ctor()
FNDA:0,System.Void Micron.SqlClient.MicronException::.ctor()
DA:6,0
FN:6,System.Void Micron.SqlClient.MicronException::.ctor(System.String)
FNDA:0,System.Void Micron.SqlClient.MicronException::.ctor(System.String)
DA:7,0
FN:7,System.Void Micron.SqlClient.MicronException::.ctor(System.String,System.Exception)
FNDA:0,System.Void Micron.SqlClient.MicronException::.ctor(System.String,System.Exception)
DA:8,0
FN:10,System.Void Micron.SqlClient.MicronException::.ctor(System.Runtime.Serialization.SerializationInfo,System.Runtime.Serialization.StreamingContext)
FNDA:0,System.Void Micron.SqlClient.MicronException::.ctor(System.Runtime.Serialization.SerializationInfo,System.Runtime.Serialization.StreamingContext)
DA:11,0
LF:4
LH:0
BRF:0
BRH:0
FNF:4
FNH:0
end_of_record
SF:/Users/jeff/projects/micron/src/Micron.SqlClient/Retry/BackoffInterval.cs
FN:58,Micron.SqlClient.BackoffInterval Micron.SqlClient.BackoffInterval::op_Implicit(System.TimeSpan)
FNDA:0,Micron.SqlClient.BackoffInterval Micron.SqlClient.BackoffInterval::op_Implicit(System.TimeSpan)
DA:59,0
FN:61,Micron.SqlClient.BackoffInterval Micron.SqlClient.BackoffInterval::op_Implicit(System.Int32)
FNDA:40,Micron.SqlClient.BackoffInterval Micron.SqlClient.BackoffInterval::op_Implicit(System.Int32)
DA:62,40
FN:64,Micron.SqlClient.BackoffInterval Micron.SqlClient.BackoffInterval::op_Implicit(Micron.SqlClient.IntervalCalculation)
FNDA:10,Micron.SqlClient.BackoffInterval Micron.SqlClient.BackoffInterval::op_Implicit(Micron.SqlClient.IntervalCalculation)
DA:65,10
FN:15,System.Void Micron.SqlClient.BackoffInterval::.ctor(System.TimeSpan)
FNDA:0,System.Void Micron.SqlClient.BackoffInterval::.ctor(System.TimeSpan)
DA:16,0
FN:17,System.Void Micron.SqlClient.BackoffInterval::.ctor(System.Int32)
FNDA:300,System.Void Micron.SqlClient.BackoffInterval::.ctor(System.Int32)
DA:18,300
FN:20,System.Void Micron.SqlClient.BackoffInterval::.ctor(Micron.SqlClient.IntervalCalculation)
FNDA:60,System.Void Micron.SqlClient.BackoffInterval::.ctor(Micron.SqlClient.IntervalCalculation)
DA:21,60
DA:22,620
DA:23,260
DA:24,260
DA:25,260
DA:26,5
DA:27,5
DA:28,5
DA:29,5
DA:31,255
DA:32,5
DA:33,5
DA:34,5
DA:35,5
DA:37,250
DA:39,50
DA:40,50
BRDA:22,298,1,260
BRDA:25,68,0,5
BRDA:25,68,1,255
BRDA:31,173,0,5
BRDA:31,173,1,250
BRDA:22,298,0,50
FN:46,System.Void Micron.SqlClient.BackoffInterval/<Backoff>d__6::MoveNext()
FNDA:65,System.Void Micron.SqlClient.BackoffInterval/<Backoff>d__6::MoveNext()
DA:47,65
DA:48,65
DA:49,0
DA:50,0
DA:51,0
DA:54,65
DA:55,65
DA:56,65
BRDA:48,43,0,0
BRDA:48,43,1,65
LF:30
LH:25
BRF:8
BRH:7
FNF:7
FNH:5
end_of_record
SF:/Users/jeff/projects/micron/src/Micron.SqlClient/Retry/RetryHandler.cs
FN:12,System.Void Micron.SqlClient.RetryHandler::.ctor(System.Func`2<System.Exception,System.Boolean>[])
FNDA:10,System.Void Micron.SqlClient.RetryHandler::.ctor(System.Func`2<System.Exception,System.Boolean>[])
DA:13,10
DA:14,10
DA:15,10
DA:16,10
DA:17,10
DA:18,10
FN:19,System.Void Micron.SqlClient.RetryHandler::.ctor(Micron.SqlClient.RetryTimes,Micron.SqlClient.BackoffInterval,System.Func`2<System.Exception,System.Boolean>[])
FNDA:15,System.Void Micron.SqlClient.RetryHandler::.ctor(Micron.SqlClient.RetryTimes,Micron.SqlClient.BackoffInterval,System.Func`2<System.Exception,System.Boolean>[])
DA:20,15
DA:21,15
DA:22,15
DA:23,15
DA:24,15
DA:25,15
DA:26,15
FN:43,System.Boolean Micron.SqlClient.RetryHandler/<>c__DisplayClass5_0::<Execute>b__0(System.Func`2<System.Exception,System.Boolean>)
FNDA:90,System.Boolean Micron.SqlClient.RetryHandler/<>c__DisplayClass5_0::<Execute>b__0(System.Func`2<System.Exception,System.Boolean>)
DA:44,90
BRDA:44,440,0,45
BRDA:44,440,1,45
BRDA:44,502,0,5
BRDA:44,502,1,40
LF:14
LH:14
BRF:4
BRH:4
FNF:3
FNH:3
end_of_record
SF:/Users/jeff/projects/micron/src/Micron.SqlClient/Retry/RetryTimes.cs
FN:19,System.Int32 Micron.SqlClient.RetryTimes::get_RetryCount()
FNDA:65,System.Int32 Micron.SqlClient.RetryTimes::get_RetryCount()
DA:20,65
FN:22,System.Boolean Micron.SqlClient.RetryTimes::Equals(System.Object)
FNDA:10,System.Boolean Micron.SqlClient.RetryTimes::Equals(System.Object)
DA:23,10
DA:24,10
BRDA:23,13,0,10
BRDA:23,13,1,0
FN:26,System.Int32 Micron.SqlClient.RetryTimes::GetHashCode()
FNDA:0,System.Int32 Micron.SqlClient.RetryTimes::GetHashCode()
DA:27,0
FN:28,Micron.SqlClient.RetryTimes Micron.SqlClient.RetryTimes::op_Implicit(System.Int32)
FNDA:70,Micron.SqlClient.RetryTimes Micron.SqlClient.RetryTimes::op_Implicit(System.Int32)
DA:29,70
FN:9,System.Void Micron.SqlClient.RetryTimes::.ctor(System.Int32)
FNDA:70,System.Void Micron.SqlClient.RetryTimes::.ctor(System.Int32)
DA:10,70
DA:11,70
DA:12,10
DA:13,10
DA:14,10
DA:17,60
DA:18,60
BRDA:11,17,0,65
BRDA:11,17,1,5
BRDA:11,42,0,10
BRDA:11,42,1,60
LF:12
LH:11
BRF:6
BRH:5
FNF:5
FNH:4
end_of_record
SF:/Users/jeff/projects/micron/src/Micron.SqlClient/SqlGateway.cs
FN:61,System.Data.Common.DbCommand Micron.SqlClient.SqlGateway::BuildCommand(System.String,System.Object[],System.Data.Common.DbConnection,System.Data.Common.DbTransaction)
FNDA:5,System.Data.Common.DbCommand Micron.SqlClient.SqlGateway::BuildCommand(System.String,System.Object[],System.Data.Common.DbConnection,System.Data.Common.DbTransaction)
DA:62,5
DA:63,5
DA:64,5
DA:66,5
DA:67,0
DA:68,0
DA:69,0
DA:71,0
DA:72,0
DA:73,0
DA:74,0
DA:75,0
DA:76,0
DA:77,5
DA:78,5
BRDA:66,50,0,0
BRDA:66,50,1,5
BRDA:71,221,1,0
BRDA:71,221,0,5
FN:12,System.Void Micron.SqlClient.SqlGateway::.ctor(System.Action`1<Micron.SqlClient.ISqlGatewayConfigurationRootExpression>)
FNDA:5,System.Void Micron.SqlClient.SqlGateway::.ctor(System.Action`1<Micron.SqlClient.ISqlGatewayConfigurationRootExpression>)
DA:13,5
DA:14,5
DA:16,5
DA:17,5
DA:18,5
DA:19,5
DA:20,5
FN:90,Micron.SqlClient.ISqlGatewayConfigurationExceptionExpression Micron.SqlClient.SqlGateway/CommandConfigurationBuilder::Connection(System.Func`1<System.Threading.Tasks.Task`1<TConnection>>)
FNDA:5,Micron.SqlClient.ISqlGatewayConfigurationExceptionExpression Micron.SqlClient.SqlGateway/CommandConfigurationBuilder::Connection(System.Func`1<System.Threading.Tasks.Task`1<TConnection>>)
DA:91,5
DA:92,10
DA:93,5
DA:94,5
FN:96,Micron.SqlClient.ISqlGatewayConfigurationExceptionExpression Micron.SqlClient.SqlGateway/CommandConfigurationBuilder::OnException(System.Func`2<Micron.SqlClient.Retry.IExceptionFilterExpression,Micron.SqlClient.Retry.IExceptionRetryConfiguration>)
FNDA:0,Micron.SqlClient.ISqlGatewayConfigurationExceptionExpression Micron.SqlClient.SqlGateway/CommandConfigurationBuilder::OnException(System.Func`2<Micron.SqlClient.Retry.IExceptionFilterExpression,Micron.SqlClient.Retry.IExceptionRetryConfiguration>)
DA:97,0
DA:98,0
DA:99,0
DA:100,0
DA:101,0
DA:104,5
DA:105,5
DA:106,5
DA:107,5
DA:108,5
FN:85,System.Void Micron.SqlClient.SqlGateway/CommandConfigurationBuilder::.ctor(Micron.SqlClient.SqlGateway)
FNDA:5,System.Void Micron.SqlClient.SqlGateway/CommandConfigurationBuilder::.ctor(Micron.SqlClient.SqlGateway)
DA:86,5
DA:87,5
FN:22,System.Void Micron.SqlClient.SqlGateway/<Execute>d__3::MoveNext()
FNDA:0,System.Void Micron.SqlClient.SqlGateway/<Execute>d__3::MoveNext()
DA:23,0
DA:24,0
DA:25,0
DA:30,0
DA:31,0
DA:32,0
DA:33,0
DA:34,0
DA:35,0
DA:36,0
DA:38,0
DA:39,0
DA:40,0
BRDA:23,16,0,0
BRDA:23,16,1,0
BRDA:24,209,0,0
BRDA:25,283,0,0
BRDA:25,283,1,0
BRDA:24,209,1,0
BRDA:30,939,1,0
BRDA:34,763,0,0
BRDA:34,763,1,0
BRDA:30,939,0,0
FN:42,System.Void Micron.SqlClient.SqlGateway/<Scalar>d__4`1::MoveNext()
FNDA:5,System.Void Micron.SqlClient.SqlGateway/<Scalar>d__4`1::MoveNext()
DA:43,5
DA:44,5
DA:45,5
DA:46,5
DA:47,5
DA:48,5
FN:50,System.Void Micron.SqlClient.SqlGateway/<Query>d__5`1::MoveNext()
FNDA:0,System.Void Micron.SqlClient.SqlGateway/<Query>d__5`1::MoveNext()
DA:51,0
DA:52,0
DA:53,0
DA:54,0
DA:55,0
DA:56,0
DA:57,0
DA:58,0
DA:59,0
BRDA:51,11,0,0
BRDA:51,11,2,0
BRDA:51,11,3,0
BRDA:51,11,4,0
BRDA:51,108,0,0
BRDA:51,108,1,0
BRDA:51,11,5,0
BRDA:51,11,1,0
BRDA:51,11,6,0
BRDA:51,11,7,0
BRDA:51,11,8,0
BRDA:52,357,0,0
BRDA:52,357,1,0
BRDA:53,451,0,0
BRDA:53,451,1,0
BRDA:55,1016,1,0
BRDA:57,847,1,0
BRDA:55,1016,0,0
BRDA:57,847,0,0
BRDA:55,1079,0,0
BRDA:55,1079,1,0
BRDA:55,1136,0,0
BRDA:55,1136,1,0
BRDA:55,1193,0,0
BRDA:55,1193,1,0
LF:66
LH:30
BRF:39
BRH:2
FNF:8
FNH:6
end_of_record
SF:/Users/jeff/projects/micron/src/Micron.SqlClient/Retry/ExceptionRetryConfiguration.cs
FN:12,Micron.SqlClient.Retry.IExceptionFilterExpression Micron.SqlClient.Retry.ConfigureRetries::OnException()
FNDA:0,Micron.SqlClient.Retry.IExceptionFilterExpression Micron.SqlClient.Retry.ConfigureRetries::OnException()
DA:13,0
DA:14,0
DA:15,0
DA:16,0
DA:17,0
DA:21,15
DA:22,15
DA:23,15
DA:24,15
DA:25,15
FN:8,System.Void Micron.SqlClient.Retry.ConfigureRetries::.ctor()
FNDA:15,System.Void Micron.SqlClient.Retry.ConfigureRetries::.ctor()
DA:9,15
DA:10,15
FN:37,Micron.SqlClient.Retry.IExceptionRetryExpression Micron.SqlClient.Retry.ConfigureRetries/ExceptionRetryConfigurer::Matching(System.Func`2<System.Exception,System.Boolean>)
FNDA:10,Micron.SqlClient.Retry.IExceptionRetryExpression Micron.SqlClient.Retry.ConfigureRetries/ExceptionRetryConfigurer::Matching(System.Func`2<System.Exception,System.Boolean>)
DA:38,10
DA:39,10
DA:40,10
DA:41,10
FN:44,Micron.SqlClient.Retry.IExceptionRetryExpression Micron.SqlClient.Retry.ConfigureRetries/ExceptionRetryConfigurer::Matching(System.Func`2<TException,System.Boolean>)
FNDA:0,Micron.SqlClient.Retry.IExceptionRetryExpression Micron.SqlClient.Retry.ConfigureRetries/ExceptionRetryConfigurer::Matching(System.Func`2<TException,System.Boolean>)
DA:45,0
DA:46,0
DA:47,0
DA:48,0
DA:49,0
DA:50,0
DA:51,0
DA:52,0
DA:53,0
DA:54,0
DA:55,0
BRDA:48,32,0,0
BRDA:48,32,1,0
FN:57,Micron.SqlClient.Retry.IExceptionRetryConfiguration Micron.SqlClient.Retry.ConfigureRetries/ExceptionRetryConfigurer::Retry(Micron.SqlClient.RetryTimes,Micron.SqlClient.BackoffInterval)
FNDA:10,Micron.SqlClient.Retry.IExceptionRetryConfiguration Micron.SqlClient.Retry.ConfigureRetries/ExceptionRetryConfigurer::Retry(Micron.SqlClient.RetryTimes,Micron.SqlClient.BackoffInterval)
DA:58,10
DA:59,10
DA:60,10
DA:61,10
DA:62,10
FN:64,Micron.SqlClient.Retry.IExceptionRetryConfiguration Micron.SqlClient.Retry.ConfigureRetries/ExceptionRetryConfigurer::Retry(Micron.SqlClient.RetryTimes,System.Action`1<Micron.SqlClient.Retry.IBackoffIntervalExpression>)
FNDA:5,Micron.SqlClient.Retry.IExceptionRetryConfiguration Micron.SqlClient.Retry.ConfigureRetries/ExceptionRetryConfigurer::Retry(Micron.SqlClient.RetryTimes,System.Action`1<Micron.SqlClient.Retry.IBackoffIntervalExpression>)
DA:65,5
DA:66,5
DA:67,5
DA:68,5
DA:69,5
FN:71,Micron.SqlClient.Retry.IExceptionRetryConfiguration Micron.SqlClient.Retry.ConfigureRetries/ExceptionRetryConfigurer::Interval(Micron.SqlClient.IntervalCalculation)
FNDA:5,Micron.SqlClient.Retry.IExceptionRetryConfiguration Micron.SqlClient.Retry.ConfigureRetries/ExceptionRetryConfigurer::Interval(Micron.SqlClient.IntervalCalculation)
DA:72,5
DA:73,5
DA:74,5
DA:75,5
FN:33,System.Void Micron.SqlClient.Retry.ConfigureRetries/ExceptionRetryConfigurer::.ctor(Micron.SqlClient.Retry.ConfigureRetries/ExceptionRetryConfiguration)
FNDA:15,System.Void Micron.SqlClient.Retry.ConfigureRetries/ExceptionRetryConfigurer::.ctor(Micron.SqlClient.Retry.ConfigureRetries/ExceptionRetryConfiguration)
DA:34,15
DA:35,15
FN:79,System.Func`2<System.Exception,System.Boolean> Micron.SqlClient.Retry.ConfigureRetries/ExceptionRetryConfiguration::get_Condition()
FNDA:20,System.Func`2<System.Exception,System.Boolean> Micron.SqlClient.Retry.ConfigureRetries/ExceptionRetryConfiguration::get_Condition()
DA:80,20
FN:81,Micron.SqlClient.RetryTimes Micron.SqlClient.Retry.ConfigureRetries/ExceptionRetryConfiguration::get_RetryTimes()
FNDA:25,Micron.SqlClient.RetryTimes Micron.SqlClient.Retry.ConfigureRetries/ExceptionRetryConfiguration::get_RetryTimes()
DA:82,25
FN:83,Micron.SqlClient.BackoffInterval Micron.SqlClient.Retry.ConfigureRetries/ExceptionRetryConfiguration::get_BackoffInterval()
FNDA:0,Micron.SqlClient.BackoffInterval Micron.SqlClient.Retry.ConfigureRetries/ExceptionRetryConfiguration::get_BackoffInterval()
DA:84,0
LF:46
LH:29
BRF:2
BRH:0
FNF:11
FNH:9
end_of_record
SF:/Users/jeff/projects/micron/src/Micron.SqlClient.SqlServer/SqlServerGateway.cs
FN:15,System.Threading.Tasks.Task Micron.SqlClient.SqlServer.SqlServerGateway::Execute(Micron.SqlClient.ICommand[])
FNDA:0,System.Threading.Tasks.Task Micron.SqlClient.SqlServer.SqlServerGateway::Execute(Micron.SqlClient.ICommand[])
DA:16,0
DA:17,0
FN:20,System.Collections.Generic.IAsyncEnumerable`1<T> Micron.SqlClient.SqlServer.SqlServerGateway::Query(Micron.SqlClient.IQuery`1<T>)
FNDA:0,System.Collections.Generic.IAsyncEnumerable`1<T> Micron.SqlClient.SqlServer.SqlServerGateway::Query(Micron.SqlClient.IQuery`1<T>)
DA:21,0
DA:22,0
FN:25,System.Threading.Tasks.ValueTask`1<T> Micron.SqlClient.SqlServer.SqlServerGateway::Scalar(System.String,System.Object[])
FNDA:0,System.Threading.Tasks.ValueTask`1<T> Micron.SqlClient.SqlServer.SqlServerGateway::Scalar(System.String,System.Object[])
DA:26,0
DA:27,0
FN:9,System.Void Micron.SqlClient.SqlServer.SqlServerGateway::.ctor()
FNDA:0,System.Void Micron.SqlClient.SqlServer.SqlServerGateway::.ctor()
DA:10,0
DA:11,0
DA:13,0
LF:9
LH:0
BRF:0
BRH:0
FNF:4
FNH:0
end_of_record