SF:/Users/jeff/projects/micron/src/Micron.SqlClient.SqlServer/SqlServerGateway.cs
FN:15,System.Threading.Tasks.Task Micron.SqlClient.SqlServer.SqlServerGateway::Execute(Micron.SqlClient.ICommand[])
FNDA:0,System.Threading.Tasks.Task Micron.SqlClient.SqlServer.SqlServerGateway::Execute(Micron.SqlClient.ICommand[])
DA:16,0
DA:17,0
FN:20,System.Collections.Generic.IAsyncEnumerable`1<T> Micron.SqlClient.SqlServer.SqlServerGateway::Query(Micron.SqlClient.IQuery`1<T>)
FNDA:0,System.Collections.Generic.IAsyncEnumerable`1<T> Micron.SqlClient.SqlServer.SqlServerGateway::Query(Micron.SqlClient.IQuery`1<T>)
DA:21,0
DA:22,0
FN:25,System.Threading.Tasks.ValueTask`1<T> Micron.SqlClient.SqlServer.SqlServerGateway::Scalar(System.String,System.Object[])
FNDA:0,System.Threading.Tasks.ValueTask`1<T> Micron.SqlClient.SqlServer.SqlServerGateway::Scalar(System.String,System.Object[])
DA:26,0
DA:27,0
FN:9,System.Void Micron.SqlClient.SqlServer.SqlServerGateway::.ctor()
FNDA:0,System.Void Micron.SqlClient.SqlServer.SqlServerGateway::.ctor()
DA:10,0
DA:11,0
DA:13,0
LF:9
LH:0
BRF:0
BRH:0
FNF:4
FNH:0
end_of_record