SF:/Users/jeff/projects/micron/src/Micron.SqlClient/DbCommandHandler.cs
FN:21,System.Void Micron.SqlClient.DbCommandHandler::Read(System.Data.Common.DbCommand,System.Action`1<System.Data.IDataRecord>,System.Data.CommandBehavior)
FNDA:0,System.Void Micron.SqlClient.DbCommandHandler::Read(System.Data.Common.DbCommand,System.Action`1<System.Data.IDataRecord>,System.Data.CommandBehavior)
DA:22,0
DA:37,0
DA:38,0
FN:40,T Micron.SqlClient.DbCommandHandler::Scalar(System.Data.Common.DbCommand)
FNDA:0,T Micron.SqlClient.DbCommandHandler::Scalar(System.Data.Common.DbCommand)
DA:41,0
DA:49,0
DA:50,0
FN:52,System.String Micron.SqlClient.DbCommandHandler::String(System.Data.Common.DbCommand)
FNDA:0,System.String Micron.SqlClient.DbCommandHandler::String(System.Data.Common.DbCommand)
DA:53,0
DA:61,0
DA:62,0
FN:64,System.Int32 Micron.SqlClient.DbCommandHandler::Execute(System.Data.Common.DbCommand)
FNDA:0,System.Int32 Micron.SqlClient.DbCommandHandler::Execute(System.Data.Common.DbCommand)
DA:65,0
DA:67,0
DA:68,0
FN:71,System.Void Micron.SqlClient.DbCommandHandler::Transaction(System.Data.Common.DbCommand[],System.Action`2<System.Int32,System.Int32>)
FNDA:0,System.Void Micron.SqlClient.DbCommandHandler::Transaction(System.Data.Common.DbCommand[],System.Action`2<System.Int32,System.Int32>)
DA:72,0
DA:73,0
DA:74,0
DA:75,0
DA:78,0
DA:79,0
DA:80,0
DA:83,0
DA:86,0
DA:87,0
DA:88,0
DA:89,0
DA:90,0
DA:91,0
DA:92,0
DA:93,0
DA:94,0
DA:95,0
DA:96,0
DA:97,0
DA:98,0
DA:99,0
DA:100,0
DA:101,0
DA:102,0
DA:103,0
DA:104,0
DA:105,0
DA:106,0
DA:107,0
DA:108,0
DA:109,0
DA:110,0
DA:111,0
DA:112,0
DA:114,0
DA:115,0
DA:116,0
DA:117,0
BRDA:73,33,0,0
BRDA:73,33,1,0
BRDA:78,101,0,0
BRDA:78,101,1,0
BRDA:94,91,1,0
BRDA:94,91,0,0
BRDA:102,106,0,0
BRDA:104,164,1,0
BRDA:104,164,0,0
BRDA:102,106,1,0
FN:227,T Micron.SqlClient.DbCommandHandler::Try(System.Data.Common.DbCommand,System.Func`2<System.Data.Common.DbCommand,T>)
FNDA:0,T Micron.SqlClient.DbCommandHandler::Try(System.Data.Common.DbCommand,System.Func`2<System.Data.Common.DbCommand,T>)
DA:228,0
DA:229,0
DA:230,0
DA:233,0
DA:234,0
DA:235,0
DA:236,0
DA:237,0
DA:238,0
DA:239,0
DA:242,0
DA:243,0
DA:244,0
DA:245,0
FN:42,T Micron.SqlClient.DbCommandHandler::<Scalar>g__exec|3_0(System.Data.Common.DbCommand)
FNDA:0,T Micron.SqlClient.DbCommandHandler::<Scalar>g__exec|3_0(System.Data.Common.DbCommand)
DA:43,0
DA:44,0
DA:46,0
DA:47,0
BRDA:46,19,0,0
BRDA:46,19,1,0
FN:54,System.String Micron.SqlClient.DbCommandHandler::<String>g__exec|4_0(System.Data.Common.DbCommand)
FNDA:0,System.String Micron.SqlClient.DbCommandHandler::<String>g__exec|4_0(System.Data.Common.DbCommand)
DA:55,0
DA:56,0
DA:58,0
DA:59,0
BRDA:58,19,0,0
BRDA:58,19,1,0
FN:65,System.Int32 Micron.SqlClient.DbCommandHandler::<Execute>g__exec|5_0(System.Data.Common.DbCommand)
FNDA:0,System.Int32 Micron.SqlClient.DbCommandHandler::<Execute>g__exec|5_0(System.Data.Common.DbCommand)
DA:66,0
FN:170,System.Threading.Tasks.Task`1<System.Int32> Micron.SqlClient.DbCommandHandler::<ExecuteAsync>g__exec|10_0(System.Data.Common.DbCommand,System.Threading.CancellationToken)
FNDA:0,System.Threading.Tasks.Task`1<System.Int32> Micron.SqlClient.DbCommandHandler::<ExecuteAsync>g__exec|10_0(System.Data.Common.DbCommand,System.Threading.CancellationToken)
DA:171,0
FN:15,System.Void Micron.SqlClient.DbCommandHandler::.ctor(Micron.SqlClient.Retry.IRetryHandler)
FNDA:0,System.Void Micron.SqlClient.DbCommandHandler::.ctor(Micron.SqlClient.Retry.IRetryHandler)
DA:16,0
DA:17,0
FN:23,Micron.SqlClient.Unit Micron.SqlClient.DbCommandHandler/<>c__DisplayClass2_0::<Read>g__exec|0(System.Data.Common.DbCommand)
FNDA:0,Micron.SqlClient.Unit Micron.SqlClient.DbCommandHandler/<>c__DisplayClass2_0::<Read>g__exec|0(System.Data.Common.DbCommand)
DA:24,0
DA:25,0
DA:27,0
DA:28,0
DA:29,0
DA:30,0
DA:32,0
DA:34,0
DA:35,0
BRDA:27,39,1,0
BRDA:27,39,0,0
FN:184,System.Data.Common.DbConnection Micron.SqlClient.DbCommandHandler/<>c::<TransactionAsync>b__11_0(System.Data.Common.DbCommand)
FNDA:0,System.Data.Common.DbConnection Micron.SqlClient.DbCommandHandler/<>c::<TransactionAsync>b__11_0(System.Data.Common.DbCommand)
DA:185,0
BRDA:185,171,0,0
BRDA:185,171,1,0
FN:123,System.Void Micron.SqlClient.DbCommandHandler/<>c__DisplayClass7_0/<<ReadAsync>g__exec|0>d::MoveNext()
FNDA:0,System.Void Micron.SqlClient.DbCommandHandler/<>c__DisplayClass7_0/<<ReadAsync>g__exec|0>d::MoveNext()
DA:124,0
DA:125,0
DA:126,0
DA:128,0
DA:129,0
DA:130,0
DA:131,0
DA:133,0
DA:135,0
DA:136,0
BRDA:124,16,0,0
BRDA:124,16,1,0
BRDA:128,484,1,0
BRDA:125,184,1,0
BRDA:125,184,0,0
BRDA:125,184,2,0
BRDA:128,484,0,0
BRDA:125,184,3,0
FN:121,System.Void Micron.SqlClient.DbCommandHandler/<ReadAsync>d__7::MoveNext()
FNDA:0,System.Void Micron.SqlClient.DbCommandHandler/<ReadAsync>d__7::MoveNext()
DA:122,0
DA:138,0
DA:139,0
FN:142,System.Void Micron.SqlClient.DbCommandHandler/<ScalarAsync>d__8`1::MoveNext()
FNDA:0,System.Void Micron.SqlClient.DbCommandHandler/<ScalarAsync>d__8`1::MoveNext()
DA:143,0
DA:152,0
DA:153,0
FN:155,System.Void Micron.SqlClient.DbCommandHandler/<StringAsync>d__9::MoveNext()
FNDA:0,System.Void Micron.SqlClient.DbCommandHandler/<StringAsync>d__9::MoveNext()
DA:156,0
DA:165,0
DA:166,0
FN:168,System.Void Micron.SqlClient.DbCommandHandler/<ExecuteAsync>d__10::MoveNext()
FNDA:0,System.Void Micron.SqlClient.DbCommandHandler/<ExecuteAsync>d__10::MoveNext()
DA:169,0
DA:173,0
DA:174,0
FN:194,System.Void Micron.SqlClient.DbCommandHandler/<>c__DisplayClass11_0/<<TransactionAsync>b__1>d::MoveNext()
FNDA:0,System.Void Micron.SqlClient.DbCommandHandler/<>c__DisplayClass11_0/<<TransactionAsync>b__1>d::MoveNext()
DA:195,0
DA:196,0
DA:198,0
DA:199,0
DA:201,0
DA:202,0
DA:203,0
DA:204,0
DA:205,0
DA:206,0
DA:207,0
DA:209,0
DA:210,0
DA:211,0
DA:212,0
DA:213,0
DA:214,0
DA:215,0
DA:216,0
DA:218,0
DA:219,0
BRDA:195,16,0,0
BRDA:195,16,1,0
BRDA:199,217,0,0
BRDA:201,524,1,0
BRDA:199,217,1,0
BRDA:201,524,0,0
BRDA:209,547,0,0
BRDA:199,217,2,0
BRDA:211,772,1,0
BRDA:211,772,0,0
BRDA:209,547,1,0
BRDA:199,217,3,0
FN:258,System.Void Micron.SqlClient.DbCommandHandler/<>c__DisplayClass13_0`1/<<TryAsync>b__0>d::MoveNext()
FNDA:0,System.Void Micron.SqlClient.DbCommandHandler/<>c__DisplayClass13_0`1/<<TryAsync>b__0>d::MoveNext()
DA:259,0
DA:260,0
DA:262,0
DA:264,0
DA:266,0
FN:249,System.Void Micron.SqlClient.DbCommandHandler/<TryAsync>d__13`1::MoveNext()
FNDA:0,System.Void Micron.SqlClient.DbCommandHandler/<TryAsync>d__13`1::MoveNext()
DA:250,0
DA:251,0
DA:253,0
DA:254,0
DA:257,0
DA:258,0
DA:261,0
DA:263,0
DA:265,0
DA:269,0
DA:270,0
DA:271,0
DA:272,0
BRDA:271,473,0,0
BRDA:271,486,0,0
BRDA:271,486,1,0
BRDA:271,473,1,0
BRDA:271,515,1,0
BRDA:271,515,0,0
FN:144,System.Void Micron.SqlClient.DbCommandHandler/<<ScalarAsync>g__exec|8_0>d`1::MoveNext()
FNDA:0,System.Void Micron.SqlClient.DbCommandHandler/<<ScalarAsync>g__exec|8_0>d`1::MoveNext()
DA:145,0
DA:146,0
DA:147,0
DA:149,0
DA:150,0
BRDA:149,172,0,0
BRDA:149,172,1,0
FN:157,System.Void Micron.SqlClient.DbCommandHandler/<<StringAsync>g__exec|9_0>d::MoveNext()
FNDA:0,System.Void Micron.SqlClient.DbCommandHandler/<<StringAsync>g__exec|9_0>d::MoveNext()
DA:158,0
DA:159,0
DA:160,0
DA:162,0
DA:163,0
BRDA:162,172,0,0
BRDA:162,172,1,0
LF:158
LH:0
BRF:48
BRH:0
FNF:23
FNH:0
end_of_record
SF:/Users/jeff/projects/micron/src/Micron.SqlClient/DbCommandHandlerDecorator.cs
FN:23,System.Int32 Micron.SqlClient.DbCommandHandlerDecorator::Execute(System.Data.Common.DbCommand)
FNDA:0,System.Int32 Micron.SqlClient.DbCommandHandlerDecorator::Execute(System.Data.Common.DbCommand)
DA:24,0
DA:25,0
DA:27,0
DA:29,0
DA:30,0
FN:32,System.Threading.Tasks.Task`1<System.Int32> Micron.SqlClient.DbCommandHandlerDecorator::ExecuteAsync(System.Data.Common.DbCommand,System.Threading.CancellationToken)
FNDA:0,System.Threading.Tasks.Task`1<System.Int32> Micron.SqlClient.DbCommandHandlerDecorator::ExecuteAsync(System.Data.Common.DbCommand,System.Threading.CancellationToken)
DA:33,0
DA:34,0
FN:37,System.Void Micron.SqlClient.DbCommandHandlerDecorator::Read(System.Data.Common.DbCommand,System.Action`1<System.Data.IDataRecord>,System.Data.CommandBehavior)
FNDA:0,System.Void Micron.SqlClient.DbCommandHandlerDecorator::Read(System.Data.Common.DbCommand,System.Action`1<System.Data.IDataRecord>,System.Data.CommandBehavior)
DA:38,0
DA:39,0
FN:42,System.Threading.Tasks.Task Micron.SqlClient.DbCommandHandlerDecorator::ReadAsync(System.Data.Common.DbCommand,System.Func`2<System.Data.IDataRecord,System.Threading.Tasks.Task>,System.Data.CommandBehavior,System.Threading.CancellationToken)
FNDA:0,System.Threading.Tasks.Task Micron.SqlClient.DbCommandHandlerDecorator::ReadAsync(System.Data.Common.DbCommand,System.Func`2<System.Data.IDataRecord,System.Threading.Tasks.Task>,System.Data.CommandBehavior,System.Threading.CancellationToken)
DA:43,0
DA:44,0
FN:47,T Micron.SqlClient.DbCommandHandlerDecorator::Scalar(System.Data.Common.DbCommand)
FNDA:0,T Micron.SqlClient.DbCommandHandlerDecorator::Scalar(System.Data.Common.DbCommand)
DA:48,0
DA:49,0
FN:52,System.Threading.Tasks.Task`1<T> Micron.SqlClient.DbCommandHandlerDecorator::ScalarAsync(System.Data.Common.DbCommand,System.Threading.CancellationToken)
FNDA:0,System.Threading.Tasks.Task`1<T> Micron.SqlClient.DbCommandHandlerDecorator::ScalarAsync(System.Data.Common.DbCommand,System.Threading.CancellationToken)
DA:53,0
DA:54,0
FN:57,System.String Micron.SqlClient.DbCommandHandlerDecorator::String(System.Data.Common.DbCommand)
FNDA:0,System.String Micron.SqlClient.DbCommandHandlerDecorator::String(System.Data.Common.DbCommand)
DA:58,0
DA:59,0
FN:62,System.Threading.Tasks.Task`1<System.String> Micron.SqlClient.DbCommandHandlerDecorator::StringAsync(System.Data.Common.DbCommand,System.Threading.CancellationToken)
FNDA:0,System.Threading.Tasks.Task`1<System.String> Micron.SqlClient.DbCommandHandlerDecorator::StringAsync(System.Data.Common.DbCommand,System.Threading.CancellationToken)
DA:63,0
DA:64,0
FN:67,System.Void Micron.SqlClient.DbCommandHandlerDecorator::Transaction(System.Data.Common.DbCommand[],System.Action`2<System.Int32,System.Int32>)
FNDA:0,System.Void Micron.SqlClient.DbCommandHandlerDecorator::Transaction(System.Data.Common.DbCommand[],System.Action`2<System.Int32,System.Int32>)
DA:68,0
DA:69,0
FN:72,System.Threading.Tasks.Task Micron.SqlClient.DbCommandHandlerDecorator::TransactionAsync(System.Data.Common.DbCommand[],System.Threading.CancellationToken,System.Func`3<System.Int32,System.Int32,System.Threading.Tasks.Task>)
FNDA:0,System.Threading.Tasks.Task Micron.SqlClient.DbCommandHandlerDecorator::TransactionAsync(System.Data.Common.DbCommand[],System.Threading.CancellationToken,System.Func`3<System.Int32,System.Int32,System.Threading.Tasks.Task>)
DA:73,0
DA:74,0
FN:15,System.Void Micron.SqlClient.DbCommandHandlerDecorator::.ctor(Micron.SqlClient.IDbCommandHandler,Microsoft.Extensions.Logging.ILogger`1<Micron.SqlClient.IDbCommandHandler>)
FNDA:0,System.Void Micron.SqlClient.DbCommandHandlerDecorator::.ctor(Micron.SqlClient.IDbCommandHandler,Microsoft.Extensions.Logging.ILogger`1<Micron.SqlClient.IDbCommandHandler>)
DA:16,0
DA:17,0
DA:18,0
DA:19,0
DA:20,0
DA:21,0
BRDA:20,18,0,0
BRDA:20,18,1,0
LF:29
LH:0
BRF:2
BRH:0
FNF:11
FNH:0
end_of_record
SF:/Users/jeff/projects/micron/src/Micron.SqlClient/MicronException.cs
FN:7,System.Void Micron.SqlClient.MicronException::.ctor()
FNDA:0,System.Void Micron.SqlClient.MicronException::.ctor()
DA:8,0
FN:8,System.Void Micron.SqlClient.MicronException::.ctor(System.String)
FNDA:0,System.Void Micron.SqlClient.MicronException::.ctor(System.String)
DA:9,0
FN:9,System.Void Micron.SqlClient.MicronException::.ctor(System.String,System.Exception)
FNDA:0,System.Void Micron.SqlClient.MicronException::.ctor(System.String,System.Exception)
DA:10,0
FN:12,System.Void Micron.SqlClient.MicronException::.ctor(System.Runtime.Serialization.SerializationInfo,System.Runtime.Serialization.StreamingContext)
FNDA:0,System.Void Micron.SqlClient.MicronException::.ctor(System.Runtime.Serialization.SerializationInfo,System.Runtime.Serialization.StreamingContext)
DA:13,0
LF:4
LH:0
BRF:0
BRH:0
FNF:4
FNH:0
end_of_record
SF:/Users/jeff/projects/micron/src/Micron.SqlClient/RootCauseException.cs
FN:7,System.Void Micron.SqlClient.RootCauseException::.ctor()
FNDA:0,System.Void Micron.SqlClient.RootCauseException::.ctor()
DA:8,0
FN:8,System.Void Micron.SqlClient.RootCauseException::.ctor(System.String)
FNDA:0,System.Void Micron.SqlClient.RootCauseException::.ctor(System.String)
DA:9,0
FN:9,System.Void Micron.SqlClient.RootCauseException::.ctor(System.String,System.Exception)
FNDA:0,System.Void Micron.SqlClient.RootCauseException::.ctor(System.String,System.Exception)
DA:10,0
FN:12,System.Void Micron.SqlClient.RootCauseException::.ctor(System.Runtime.Serialization.SerializationInfo,System.Runtime.Serialization.StreamingContext)
FNDA:0,System.Void Micron.SqlClient.RootCauseException::.ctor(System.Runtime.Serialization.SerializationInfo,System.Runtime.Serialization.StreamingContext)
DA:13,0
LF:4
LH:0
BRF:0
BRH:0
FNF:4
FNH:0
end_of_record
SF:/Users/jeff/projects/micron/src/Micron.SqlClient/Unit.cs
FN:8,Micron.SqlClient.Unit Micron.SqlClient.Unit::get_Default()
FNDA:12,Micron.SqlClient.Unit Micron.SqlClient.Unit::get_Default()
DA:9,12
FN:10,System.Boolean Micron.SqlClient.Unit::Equals(System.Object)
FNDA:0,System.Boolean Micron.SqlClient.Unit::Equals(System.Object)
DA:11,0
FN:12,System.Boolean Micron.SqlClient.Unit::Equals(Micron.SqlClient.Unit)
FNDA:0,System.Boolean Micron.SqlClient.Unit::Equals(Micron.SqlClient.Unit)
DA:13,0
FN:14,System.Int32 Micron.SqlClient.Unit::GetHashCode()
FNDA:0,System.Int32 Micron.SqlClient.Unit::GetHashCode()
DA:15,0
FN:16,System.String Micron.SqlClient.Unit::ToString()
FNDA:0,System.String Micron.SqlClient.Unit::ToString()
DA:17,0
FN:20,System.Boolean Micron.SqlClient.Unit::op_Equality(Micron.SqlClient.Unit,Micron.SqlClient.Unit)
FNDA:0,System.Boolean Micron.SqlClient.Unit::op_Equality(Micron.SqlClient.Unit,Micron.SqlClient.Unit)
DA:21,0
FN:24,System.Boolean Micron.SqlClient.Unit::op_Inequality(Micron.SqlClient.Unit,Micron.SqlClient.Unit)
FNDA:0,System.Boolean Micron.SqlClient.Unit::op_Inequality(Micron.SqlClient.Unit,Micron.SqlClient.Unit)
DA:25,0
LF:7
LH:1
BRF:0
BRH:0
FNF:7
FNH:1
end_of_record
SF:/Users/jeff/projects/micron/src/Micron.SqlClient/Retry/BackoffInterval.cs
FN:42,System.Void Micron.SqlClient.Retry.BackoffInterval::Backoff(System.Int32)
FNDA:0,System.Void Micron.SqlClient.Retry.BackoffInterval::Backoff(System.Int32)
DA:43,0
DA:44,0
DA:45,0
DA:46,0
DA:47,0
DA:50,0
DA:52,0
DA:53,0
BRDA:44,7,0,0
BRDA:44,7,1,0
FN:71,Micron.SqlClient.Retry.BackoffInterval Micron.SqlClient.Retry.BackoffInterval::op_Implicit(System.TimeSpan)
FNDA:0,Micron.SqlClient.Retry.BackoffInterval Micron.SqlClient.Retry.BackoffInterval::op_Implicit(System.TimeSpan)
DA:72,0
FN:74,Micron.SqlClient.Retry.BackoffInterval Micron.SqlClient.Retry.BackoffInterval::op_Implicit(System.Int32)
FNDA:16,Micron.SqlClient.Retry.BackoffInterval Micron.SqlClient.Retry.BackoffInterval::op_Implicit(System.Int32)
DA:75,16
FN:77,Micron.SqlClient.Retry.BackoffInterval Micron.SqlClient.Retry.BackoffInterval::op_Implicit(Micron.SqlClient.Retry.IntervalCalculation)
FNDA:2,Micron.SqlClient.Retry.BackoffInterval Micron.SqlClient.Retry.BackoffInterval::op_Implicit(Micron.SqlClient.Retry.IntervalCalculation)
DA:78,2
FN:15,System.Void Micron.SqlClient.Retry.BackoffInterval::.ctor(System.TimeSpan)
FNDA:0,System.Void Micron.SqlClient.Retry.BackoffInterval::.ctor(System.TimeSpan)
DA:16,0
FN:17,System.Void Micron.SqlClient.Retry.BackoffInterval::.ctor(System.Int32)
FNDA:120,System.Void Micron.SqlClient.Retry.BackoffInterval::.ctor(System.Int32)
DA:18,120
FN:20,System.Void Micron.SqlClient.Retry.BackoffInterval::.ctor(Micron.SqlClient.Retry.IntervalCalculation)
FNDA:22,System.Void Micron.SqlClient.Retry.BackoffInterval::.ctor(Micron.SqlClient.Retry.IntervalCalculation)
DA:21,22
DA:22,224
DA:23,94
DA:24,94
DA:25,94
DA:26,2
DA:27,2
DA:28,2
DA:29,2
DA:31,92
DA:32,2
DA:33,2
DA:34,2
DA:35,2
DA:37,90
DA:39,18
DA:40,18
BRDA:22,172,1,94
BRDA:25,26,0,2
BRDA:25,26,1,92
BRDA:31,96,0,2
BRDA:31,96,1,90
BRDA:22,172,0,18
FN:59,System.Void Micron.SqlClient.Retry.BackoffInterval/<BackoffAsync>d__7::MoveNext()
FNDA:26,System.Void Micron.SqlClient.Retry.BackoffInterval/<BackoffAsync>d__7::MoveNext()
DA:60,26
DA:61,26
DA:62,0
DA:63,0
DA:64,0
DA:67,26
DA:68,26
DA:69,26
BRDA:61,29,0,0
BRDA:61,29,1,26
LF:38
LH:25
BRF:10
BRH:7
FNF:8
FNH:5
end_of_record
SF:/Users/jeff/projects/micron/src/Micron.SqlClient/Retry/RetryHandler.cs
FN:28,System.Void Micron.SqlClient.Retry.RetryHandler::Execute(System.Action)
FNDA:0,System.Void Micron.SqlClient.Retry.RetryHandler::Execute(System.Action)
DA:29,0
DA:30,0
DA:31,0
DA:32,0
DA:33,0
FN:35,T Micron.SqlClient.Retry.RetryHandler::Execute(System.Func`1<T>)
FNDA:0,T Micron.SqlClient.Retry.RetryHandler::Execute(System.Func`1<T>)
DA:36,0
DA:37,0
DA:39,0
DA:41,0
DA:42,0
DA:44,0
DA:45,0
DA:46,0
DA:47,0
DA:48,0
DA:50,0
DA:51,0
DA:52,0
DA:54,0
DA:55,0
DA:56,0
DA:57,0
BRDA:46,51,0,0
BRDA:46,51,1,0
BRDA:50,86,0,0
BRDA:50,86,1,0
FN:90,Micron.SqlClient.Retry.IRetryTimesExpression Micron.SqlClient.Retry.RetryHandler::OnException(System.Func`2<System.Exception,System.Boolean>)
FNDA:0,Micron.SqlClient.Retry.IRetryTimesExpression Micron.SqlClient.Retry.RetryHandler::OnException(System.Func`2<System.Exception,System.Boolean>)
DA:91,0
FN:94,Micron.SqlClient.Retry.IRetryTimesExpression Micron.SqlClient.Retry.RetryHandler::OnException(System.Func`2<TException,System.Boolean>)
FNDA:4,Micron.SqlClient.Retry.IRetryTimesExpression Micron.SqlClient.Retry.RetryHandler::OnException(System.Func`2<TException,System.Boolean>)
DA:95,4
FN:12,System.Void Micron.SqlClient.Retry.RetryHandler::.ctor(System.Func`2<System.Exception,System.Boolean>[])
FNDA:4,System.Void Micron.SqlClient.Retry.RetryHandler::.ctor(System.Func`2<System.Exception,System.Boolean>[])
DA:13,4
DA:14,4
DA:15,4
DA:16,4
DA:17,4
DA:18,4
BRDA:17,36,0,0
BRDA:17,36,1,4
FN:19,System.Void Micron.SqlClient.Retry.RetryHandler::.ctor(Micron.SqlClient.Retry.RetryTimes,Micron.SqlClient.Retry.BackoffInterval,System.Func`2<System.Exception,System.Boolean>[])
FNDA:10,System.Void Micron.SqlClient.Retry.RetryHandler::.ctor(Micron.SqlClient.Retry.RetryTimes,Micron.SqlClient.Retry.BackoffInterval,System.Func`2<System.Exception,System.Boolean>[])
DA:20,10
DA:21,10
DA:22,10
DA:23,10
DA:24,10
DA:25,10
DA:26,10
FN:107,Micron.SqlClient.Retry.IRetryTimesExpression Micron.SqlClient.Retry.RetryHandler/RetryConfigurer::OnException(System.Func`2<System.Exception,System.Boolean>)
FNDA:0,Micron.SqlClient.Retry.IRetryTimesExpression Micron.SqlClient.Retry.RetryHandler/RetryConfigurer::OnException(System.Func`2<System.Exception,System.Boolean>)
DA:108,0
FN:111,Micron.SqlClient.Retry.IRetryTimesExpression Micron.SqlClient.Retry.RetryHandler/RetryConfigurer::OnException(System.Func`2<TException,System.Boolean>)
FNDA:4,Micron.SqlClient.Retry.IRetryTimesExpression Micron.SqlClient.Retry.RetryHandler/RetryConfigurer::OnException(System.Func`2<TException,System.Boolean>)
DA:112,4
DA:115,4
DA:116,2
DA:117,0
DA:118,2
DA:120,2
DA:121,2
DA:122,0
DA:123,2
DA:125,4
DA:126,4
DA:127,4
BRDA:115,25,0,2
BRDA:117,34,0,2
BRDA:117,34,1,2
BRDA:115,25,1,2
BRDA:122,18,0,0
BRDA:122,18,1,0
FN:129,Micron.SqlClient.Retry.IRetryHandler Micron.SqlClient.Retry.RetryHandler/RetryConfigurer::Retry(Micron.SqlClient.Retry.RetryTimes,Micron.SqlClient.Retry.BackoffInterval)
FNDA:4,Micron.SqlClient.Retry.IRetryHandler Micron.SqlClient.Retry.RetryHandler/RetryConfigurer::Retry(Micron.SqlClient.Retry.RetryTimes,Micron.SqlClient.Retry.BackoffInterval)
DA:130,4
DA:131,4
DA:132,4
DA:133,4
DA:134,4
DA:135,0
DA:136,4
BRDA:133,69,0,0
BRDA:133,69,1,4
FN:138,Micron.SqlClient.Retry.IRetryHandler Micron.SqlClient.Retry.RetryHandler/RetryConfigurer::Retry(Micron.SqlClient.Retry.RetryTimes,System.Action`1<Micron.SqlClient.Retry.IBackoffIntervalExpression>)
FNDA:0,Micron.SqlClient.Retry.IRetryHandler Micron.SqlClient.Retry.RetryHandler/RetryConfigurer::Retry(Micron.SqlClient.Retry.RetryTimes,System.Action`1<Micron.SqlClient.Retry.IBackoffIntervalExpression>)
DA:139,0
DA:140,0
DA:141,0
DA:142,0
DA:143,0
DA:144,0
DA:145,0
BRDA:142,64,0,0
BRDA:142,64,1,0
FN:147,System.Void Micron.SqlClient.Retry.RetryHandler/RetryConfigurer::Interval(Micron.SqlClient.Retry.IntervalCalculation)
FNDA:0,System.Void Micron.SqlClient.Retry.RetryHandler/RetryConfigurer::Interval(Micron.SqlClient.Retry.IntervalCalculation)
DA:148,0
FN:103,System.Void Micron.SqlClient.Retry.RetryHandler/RetryConfigurer::.ctor()
FNDA:4,System.Void Micron.SqlClient.Retry.RetryHandler/RetryConfigurer::.ctor()
DA:104,4
DA:105,4
FN:152,System.Func`2<System.Exception,System.Boolean> Micron.SqlClient.Retry.RetryHandler/ExceptionRetryConfiguration::get_Condition()
FNDA:8,System.Func`2<System.Exception,System.Boolean> Micron.SqlClient.Retry.RetryHandler/ExceptionRetryConfiguration::get_Condition()
DA:153,8
FN:154,Micron.SqlClient.Retry.RetryTimes Micron.SqlClient.Retry.RetryHandler/ExceptionRetryConfiguration::get_RetryTimes()
FNDA:8,Micron.SqlClient.Retry.RetryTimes Micron.SqlClient.Retry.RetryHandler/ExceptionRetryConfiguration::get_RetryTimes()
DA:155,8
FN:156,Micron.SqlClient.Retry.BackoffInterval Micron.SqlClient.Retry.RetryHandler/ExceptionRetryConfiguration::get_BackoffInterval()
FNDA:8,Micron.SqlClient.Retry.BackoffInterval Micron.SqlClient.Retry.RetryHandler/ExceptionRetryConfiguration::get_BackoffInterval()
DA:157,8
FN:60,System.Void Micron.SqlClient.Retry.RetryHandler/<>c__DisplayClass7_0/<<ExecuteAsync>b__0>d::MoveNext()
FNDA:44,System.Void Micron.SqlClient.Retry.RetryHandler/<>c__DisplayClass7_0/<<ExecuteAsync>b__0>d::MoveNext()
DA:61,44
DA:62,44
DA:63,26
DA:64,26
FN:59,System.Void Micron.SqlClient.Retry.RetryHandler/<ExecuteAsync>d__7::MoveNext()
FNDA:14,System.Void Micron.SqlClient.Retry.RetryHandler/<ExecuteAsync>d__7::MoveNext()
DA:60,14
FN:80,System.Boolean Micron.SqlClient.Retry.RetryHandler/<>c__DisplayClass8_0`1::<ExecuteAsync>b__0(System.Func`2<System.Exception,System.Boolean>)
FNDA:36,System.Boolean Micron.SqlClient.Retry.RetryHandler/<>c__DisplayClass8_0`1::<ExecuteAsync>b__0(System.Func`2<System.Exception,System.Boolean>)
DA:81,36
BRDA:81,355,0,18
BRDA:81,355,1,18
BRDA:81,403,0,2
BRDA:81,403,1,16
LF:76
LH:41
BRF:20
BRH:10
FNF:18
FNH:12
end_of_record
SF:/Users/jeff/projects/micron/src/Micron.SqlClient/Retry/RetryTimes.cs
FN:19,System.Int32 Micron.SqlClient.Retry.RetryTimes::get_RetryCount()
FNDA:18,System.Int32 Micron.SqlClient.Retry.RetryTimes::get_RetryCount()
DA:20,18
FN:22,System.Boolean Micron.SqlClient.Retry.RetryTimes::Equals(System.Object)
FNDA:0,System.Boolean Micron.SqlClient.Retry.RetryTimes::Equals(System.Object)
DA:23,0
DA:24,0
BRDA:23,6,0,0
BRDA:23,6,1,0
FN:26,System.Int32 Micron.SqlClient.Retry.RetryTimes::GetHashCode()
FNDA:0,System.Int32 Micron.SqlClient.Retry.RetryTimes::GetHashCode()
DA:27,0
FN:28,Micron.SqlClient.Retry.RetryTimes Micron.SqlClient.Retry.RetryTimes::op_Implicit(System.Int32)
FNDA:22,Micron.SqlClient.Retry.RetryTimes Micron.SqlClient.Retry.RetryTimes::op_Implicit(System.Int32)
DA:29,22
FN:9,System.Void Micron.SqlClient.Retry.RetryTimes::.ctor(System.Int32)
FNDA:22,System.Void Micron.SqlClient.Retry.RetryTimes::.ctor(System.Int32)
DA:10,22
DA:11,22
DA:12,4
DA:13,4
DA:14,4
DA:17,18
DA:18,18
BRDA:11,3,0,20
BRDA:11,3,1,2
BRDA:11,14,0,4
BRDA:11,14,1,18
LF:12
LH:9
BRF:6
BRH:4
FNF:5
FNH:3
end_of_record
SF:/Users/jeff/projects/micron/src/Micron.SqlClient/Connect/DbConnectionFactory.cs
FN:23,System.Data.Common.DbConnection Micron.SqlClient.Connect.DbConnectionFactory`2::CreateConnection()
FNDA:0,System.Data.Common.DbConnection Micron.SqlClient.Connect.DbConnectionFactory`2::CreateConnection()
DA:24,0
DA:25,0
DA:26,0
DA:27,0
DA:28,0
DA:29,0
FN:13,System.Void Micron.SqlClient.Connect.DbConnectionFactory`2::.ctor(TProviderFactory,System.Action`1<TBuilder>)
FNDA:0,System.Void Micron.SqlClient.Connect.DbConnectionFactory`2::.ctor(TProviderFactory,System.Action`1<TBuilder>)
DA:14,0
DA:15,0
DA:16,0
DA:17,0
DA:18,0
DA:19,0
DA:20,0
DA:21,0
LF:14
LH:0
BRF:0
BRH:0
FNF:2
FNH:0
end_of_record